#
# There is insufficient memory for the Java Runtime Environment to continue.
# Native memory allocation (malloc) failed to allocate 108656 bytes for Chunk::new
# Possible reasons:
#   The system is out of physical RAM or swap space
#   In 32 bit mode, the process size limit was hit
# Possible solutions:
#   Reduce memory load on the system
#   Increase physical memory or swap space
#   Check if swap backing store is full
#   Use 64 bit Java on a 64 bit OS
#   Decrease Java heap size (-Xmx/-Xms)
#   Decrease number of Java threads
#   Decrease Java thread stack sizes (-Xss)
#   Set larger code cache with -XX:ReservedCodeCacheSize=
# This output file may be truncated or incomplete.
#
#  Out of Memory Error (allocation.cpp:390), pid=11952, tid=10828
#
# JRE version: Java(TM) SE Runtime Environment (8.0_91-b15) (build 1.8.0_91-b15)
# Java VM: Java HotSpot(TM) 64-Bit Server VM (25.91-b15 mixed mode windows-amd64 compressed oops)
# Failed to write core dump. Minidumps are not enabled by default on client versions of Windows
#

---------------  T H R E A D  ---------------

Current thread (0x0000000014b79000):  JavaThread "C2 CompilerThread0" daemon [_thread_in_native, id=10828, stack(0x00000000160c0000,0x00000000161c0000)]

Stack: [0x00000000160c0000,0x00000000161c0000]
[error occurred during error reporting (printing stack bounds), id 0xc0000005]

Native frames: (J=compiled Java code, j=interpreted, Vv=VM code, C=native code)


Current CompileTask:
C2:   8237 1313       4       java.io.DataOutputStream::writeByte (14 bytes)


---------------  P R O C E S S  ---------------

Java Threads: ( => current thread )
  0x00000000177cc000 JavaThread "Keep-Alive-Timer" daemon [_thread_blocked, id=11184, stack(0x000000001a0a0000,0x000000001a1a0000)]
  0x0000000017d85800 JavaThread "Exec Stream Pumper" daemon [_thread_in_native, id=7044, stack(0x0000000019fa0000,0x000000001a0a0000)]
  0x0000000017d85000 JavaThread "Exec Stream Pumper" daemon [_thread_in_native, id=1596, stack(0x0000000019ea0000,0x0000000019fa0000)]
  0x0000000017d78800 JavaThread "UrlChecker-2" daemon [_thread_blocked, id=11176, stack(0x0000000019da0000,0x0000000019ea0000)]
  0x0000000017806800 JavaThread "Exec Default Executor" daemon [_thread_in_native, id=7812, stack(0x0000000019ca0000,0x0000000019da0000)]
  0x00000000175e6800 JavaThread "ReaderThread" [_thread_in_native, id=2040, stack(0x00000000185d0000,0x00000000186d0000)]
  0x00000000163f2000 JavaThread "Service Thread" daemon [_thread_blocked, id=536, stack(0x00000000167c0000,0x00000000168c0000)]
  0x0000000014b82000 JavaThread "C1 CompilerThread2" daemon [_thread_blocked, id=8384, stack(0x00000000162c0000,0x00000000163c0000)]
  0x0000000014b7e800 JavaThread "C2 CompilerThread1" daemon [_thread_blocked, id=8588, stack(0x00000000161c0000,0x00000000162c0000)]
=>0x0000000014b79000 JavaThread "C2 CompilerThread0" daemon [_thread_in_native, id=10828, stack(0x00000000160c0000,0x00000000161c0000)]
  0x0000000014b77800 JavaThread "Attach Listener" daemon [_thread_blocked, id=10220, stack(0x0000000015fc0000,0x00000000160c0000)]
  0x0000000014b74000 JavaThread "Signal Dispatcher" daemon [_thread_blocked, id=3320, stack(0x0000000015ec0000,0x0000000015fc0000)]
  0x0000000014b60000 JavaThread "Finalizer" daemon [_thread_blocked, id=10004, stack(0x0000000015dc0000,0x0000000015ec0000)]
  0x0000000001fe7000 JavaThread "Reference Handler" daemon [_thread_blocked, id=11172, stack(0x0000000015cc0000,0x0000000015dc0000)]
  0x0000000001ef8000 JavaThread "main" [_thread_blocked, id=4020, stack(0x0000000002260000,0x0000000002360000)]

Other Threads:
  0x0000000014b36800 VMThread [stack: 0x0000000015bc0000,0x0000000015cc0000] [id=12744]
  0x00000000164b4800 WatcherThread [stack: 0x00000000168c0000,0x00000000169c0000] [id=8864]

VM state:at safepoint (normal execution)

VM Mutex/Monitor currently owned by a thread:  ([mutex/lock_event])
[0x0000000001ef5550] Threads_lock - owner thread: 0x0000000014b36800
[0x0000000001ef5150] Heap_lock - owner thread: 0x0000000001ef8000

Heap:
 PSYoungGen      total 18944K, used 2557K [0x00000000eb100000, 0x00000000ec600000, 0x0000000100000000)
  eden space 16384K, 0% used [0x00000000eb100000,0x00000000eb100000,0x00000000ec100000)
  from space 2560K, 99% used [0x00000000ec100000,0x00000000ec37f7f8,0x00000000ec380000)
  to   space 2560K, 0% used [0x00000000ec380000,0x00000000ec380000,0x00000000ec600000)
 ParOldGen       total 44032K, used 9543K [0x00000000c1200000, 0x00000000c3d00000, 0x00000000eb100000)
  object space 44032K, 21% used [0x00000000c1200000,0x00000000c1b51de8,0x00000000c3d00000)
 Metaspace       used 17605K, capacity 17914K, committed 18048K, reserved 1075200K
  class space    used 2258K, capacity 2359K, committed 2432K, reserved 1048576K

Card table byte_map: [0x0000000011910000,0x0000000011b10000] byte_map_base: 0x0000000011307000

Marking Bits: (ParMarkBitMap*) 0x000000005a392f70
 Begin Bits: [0x0000000012060000, 0x0000000013018000)
 End Bits:   [0x0000000013018000, 0x0000000013fd0000)

Polling page: 0x0000000002140000

CodeCache: size=245760Kb used=4662Kb max_used=4673Kb free=241097Kb
 bounds [0x0000000002550000, 0x00000000029f0000, 0x0000000011550000]
 total_blobs=1726 nmethods=1342 adapters=295
 compilation: enabled

Compilation events (10 events):
Event: 8.069 Thread 0x0000000014b82000 nmethod 1316 0x00000000029cf650 code [0x00000000029cf7a0, 0x00000000029cf950]
Event: 8.070 Thread 0x0000000014b82000 1318       3       java.lang.invoke.InvokerBytecodeGenerator::emitPushArgument (120 bytes)
Event: 8.071 Thread 0x0000000014b82000 nmethod 1318 0x00000000029d2790 code [0x00000000029d2a20, 0x00000000029d39f8]
Event: 8.074 Thread 0x0000000014b82000 1320       3       sun.invoke.util.BytecodeDescriptor::unparse (18 bytes)
Event: 8.074 Thread 0x0000000014b82000 nmethod 1320 0x00000000029d40d0 code [0x00000000029d4260, 0x00000000029d4758]
Event: 8.074 Thread 0x0000000014b82000 1321       3       java.util.Arrays::equals (54 bytes)
Event: 8.074 Thread 0x0000000014b82000 nmethod 1321 0x00000000029d4990 code [0x00000000029d4b00, 0x00000000029d4e70]
Event: 8.080 Thread 0x0000000014b7e800 nmethod 1306 0x00000000029d8c50 code [0x00000000029d8e60, 0x00000000029d9e90]
Event: 8.080 Thread 0x0000000014b7e800 1314       4       java.lang.Class::getName (21 bytes)
Event: 8.080 Thread 0x0000000014b7e800 nmethod 1314 0x00000000029d5d10 code [0x00000000029d5e60, 0x00000000029d5f08]

GC Heap History (8 events):
Event: 1.390 GC heap before
{Heap before GC invocations=1 (full 0):
 PSYoungGen      total 18944K, used 16384K [0x00000000eb100000, 0x00000000ec600000, 0x0000000100000000)
  eden space 16384K, 100% used [0x00000000eb100000,0x00000000ec100000,0x00000000ec100000)
  from space 2560K, 0% used [0x00000000ec380000,0x00000000ec380000,0x00000000ec600000)
  to   space 2560K, 0% used [0x00000000ec100000,0x00000000ec100000,0x00000000ec380000)
 ParOldGen       total 44032K, used 0K [0x00000000c1200000, 0x00000000c3d00000, 0x00000000eb100000)
  object space 44032K, 0% used [0x00000000c1200000,0x00000000c1200000,0x00000000c3d00000)
 Metaspace       used 6876K, capacity 7028K, committed 7296K, reserved 1056768K
  class space    used 793K, capacity 860K, committed 896K, reserved 1048576K
Event: 1.396 GC heap after
Heap after GC invocations=1 (full 0):
 PSYoungGen      total 18944K, used 2544K [0x00000000eb100000, 0x00000000ec600000, 0x0000000100000000)
  eden space 16384K, 0% used [0x00000000eb100000,0x00000000eb100000,0x00000000ec100000)
  from space 2560K, 99% used [0x00000000ec100000,0x00000000ec37c178,0x00000000ec380000)
  to   space 2560K, 0% used [0x00000000ec380000,0x00000000ec380000,0x00000000ec600000)
 ParOldGen       total 44032K, used 604K [0x00000000c1200000, 0x00000000c3d00000, 0x00000000eb100000)
  object space 44032K, 1% used [0x00000000c1200000,0x00000000c1297070,0x00000000c3d00000)
 Metaspace       used 6876K, capacity 7028K, committed 7296K, reserved 1056768K
  class space    used 793K, capacity 860K, committed 896K, reserved 1048576K
}
Event: 2.504 GC heap before
{Heap before GC invocations=2 (full 0):
 PSYoungGen      total 18944K, used 18928K [0x00000000eb100000, 0x00000000ec600000, 0x0000000100000000)
  eden space 16384K, 100% used [0x00000000eb100000,0x00000000ec100000,0x00000000ec100000)
  from space 2560K, 99% used [0x00000000ec100000,0x00000000ec37c178,0x00000000ec380000)
  to   space 2560K, 0% used [0x00000000ec380000,0x00000000ec380000,0x00000000ec600000)
 ParOldGen       total 44032K, used 604K [0x00000000c1200000, 0x00000000c3d00000, 0x00000000eb100000)
  object space 44032K, 1% used [0x00000000c1200000,0x00000000c1297070,0x00000000c3d00000)
 Metaspace       used 10852K, capacity 11104K, committed 11136K, reserved 1058816K
  class space    used 1312K, capacity 1402K, committed 1408K, reserved 1048576K
Event: 2.511 GC heap after
Heap after GC invocations=2 (full 0):
 PSYoungGen      total 18944K, used 2557K [0x00000000eb100000, 0x00000000ec600000, 0x0000000100000000)
  eden space 16384K, 0% used [0x00000000eb100000,0x00000000eb100000,0x00000000ec100000)
  from space 2560K, 99% used [0x00000000ec380000,0x00000000ec5ff7d8,0x00000000ec600000)
  to   space 2560K, 0% used [0x00000000ec100000,0x00000000ec100000,0x00000000ec380000)
 ParOldGen       total 44032K, used 2495K [0x00000000c1200000, 0x00000000c3d00000, 0x00000000eb100000)
  object space 44032K, 5% used [0x00000000c1200000,0x00000000c146ffd0,0x00000000c3d00000)
 Metaspace       used 10852K, capacity 11104K, committed 11136K, reserved 1058816K
  class space    used 1312K, capacity 1402K, committed 1408K, reserved 1048576K
}
Event: 3.188 GC heap before
{Heap before GC invocations=3 (full 0):
 PSYoungGen      total 18944K, used 18941K [0x00000000eb100000, 0x00000000ec600000, 0x0000000100000000)
  eden space 16384K, 100% used [0x00000000eb100000,0x00000000ec100000,0x00000000ec100000)
  from space 2560K, 99% used [0x00000000ec380000,0x00000000ec5ff7d8,0x00000000ec600000)
  to   space 2560K, 0% used [0x00000000ec100000,0x00000000ec100000,0x00000000ec380000)
 ParOldGen       total 44032K, used 2495K [0x00000000c1200000, 0x00000000c3d00000, 0x00000000eb100000)
  object space 44032K, 5% used [0x00000000c1200000,0x00000000c146ffd0,0x00000000c3d00000)
 Metaspace       used 14075K, capacity 14390K, committed 14720K, reserved 1062912K
  class space    used 1736K, capacity 1830K, committed 1920K, reserved 1048576K
Event: 3.197 GC heap after
Heap after GC invocations=3 (full 0):
 PSYoungGen      total 18944K, used 2541K [0x00000000eb100000, 0x00000000ec600000, 0x0000000100000000)
  eden space 16384K, 0% used [0x00000000eb100000,0x00000000eb100000,0x00000000ec100000)
  from space 2560K, 99% used [0x00000000ec100000,0x00000000ec37b7d8,0x00000000ec380000)
  to   space 2560K, 0% used [0x00000000ec380000,0x00000000ec380000,0x00000000ec600000)
 ParOldGen       total 44032K, used 4820K [0x00000000c1200000, 0x00000000c3d00000, 0x00000000eb100000)
  object space 44032K, 10% used [0x00000000c1200000,0x00000000c16b51a0,0x00000000c3d00000)
 Metaspace       used 14075K, capacity 14390K, committed 14720K, reserved 1062912K
  class space    used 1736K, capacity 1830K, committed 1920K, reserved 1048576K
}
Event: 4.184 GC heap before
{Heap before GC invocations=4 (full 0):
 PSYoungGen      total 18944K, used 18925K [0x00000000eb100000, 0x00000000ec600000, 0x0000000100000000)
  eden space 16384K, 100% used [0x00000000eb100000,0x00000000ec100000,0x00000000ec100000)
  from space 2560K, 99% used [0x00000000ec100000,0x00000000ec37b7d8,0x00000000ec380000)
  to   space 2560K, 0% used [0x00000000ec380000,0x00000000ec380000,0x00000000ec600000)
 ParOldGen       total 44032K, used 4820K [0x00000000c1200000, 0x00000000c3d00000, 0x00000000eb100000)
  object space 44032K, 10% used [0x00000000c1200000,0x00000000c16b51a0,0x00000000c3d00000)
 Metaspace       used 15984K, capacity 16258K, committed 16512K, reserved 1062912K
  class space    used 2011K, capacity 2088K, committed 2176K, reserved 1048576K
Event: 4.195 GC heap after
Heap after GC invocations=4 (full 0):
 PSYoungGen      total 18944K, used 2558K [0x00000000eb100000, 0x00000000ec600000, 0x0000000100000000)
  eden space 16384K, 0% used [0x00000000eb100000,0x00000000eb100000,0x00000000ec100000)
  from space 2560K, 99% used [0x00000000ec380000,0x00000000ec5ff818,0x00000000ec600000)
  to   space 2560K, 0% used [0x00000000ec100000,0x00000000ec100000,0x00000000ec380000)
 ParOldGen       total 44032K, used 7841K [0x00000000c1200000, 0x00000000c3d00000, 0x00000000eb100000)
  object space 44032K, 17% used [0x00000000c1200000,0x00000000c19a8470,0x00000000c3d00000)
 Metaspace       used 15984K, capacity 16258K, committed 16512K, reserved 1062912K
  class space    used 2011K, capacity 2088K, committed 2176K, reserved 1048576K
}

Deoptimization events (10 events):
Event: 1.952 Thread 0x0000000001ef8000 Uncommon trap: reason=unstable_if action=reinterpret pc=0x0000000002748494 method=java.io.WinNTFileSystem.normalize(Ljava/lang/String;II)Ljava/lang/String; @ 8
Event: 2.390 Thread 0x0000000001ef8000 Uncommon trap: reason=unstable_if action=reinterpret pc=0x000000000287bf50 method=java.util.HashMap.putVal(ILjava/lang/Object;Ljava/lang/Object;ZZ)Ljava/lang/Object; @ 236
Event: 2.399 Thread 0x0000000001ef8000 Uncommon trap: reason=range_check action=make_not_entrant pc=0x00000000028551e0 method=sun.reflect.generics.parser.SignatureParser.current()C @ 34
Event: 3.026 Thread 0x0000000001ef8000 Uncommon trap: reason=unstable_if action=reinterpret pc=0x000000000280f658 method=sun.misc.MetaIndex.mayContain(Ljava/lang/String;)Z @ 38
Event: 3.535 Thread 0x0000000001ef8000 Uncommon trap: reason=unstable_if action=reinterpret pc=0x00000000026ee868 method=java.lang.String.replace(CC)Ljava/lang/String; @ 2
Event: 3.564 Thread 0x0000000017d78800 Uncommon trap: reason=unstable_if action=reinterpret pc=0x0000000002912b5c method=java.lang.CharacterDataLatin1.digit(II)I @ 82
Event: 4.081 Thread 0x0000000017d78800 Uncommon trap: reason=unstable_if action=reinterpret pc=0x0000000002915e94 method=java.lang.CharacterDataLatin1.digit(II)I @ 82
Event: 4.330 Thread 0x0000000001ef8000 Uncommon trap: reason=unstable_if action=reinterpret pc=0x00000000029afcd8 method=java.util.regex.Pattern$BmpCharProperty.match(Ljava/util/regex/Matcher;ILjava/lang/CharSequence;)Z @ 34
Event: 4.414 Thread 0x0000000001ef8000 Uncommon trap: reason=unstable_if action=reinterpret pc=0x000000000298ee20 method=java.util.concurrent.ConcurrentHashMap.putVal(Ljava/lang/Object;Ljava/lang/Object;Z)Ljava/lang/Object; @ 206
Event: 8.070 Thread 0x0000000001ef8000 Uncommon trap: reason=unstable_if action=reinterpret pc=0x0000000002997e5c method=java.util.Arrays.equals([B[B)Z @ 2

Internal exceptions (10 events):
Event: 2.400 Thread 0x0000000001ef8000 Exception <a 'java/lang/ArrayIndexOutOfBoundsException': 65> (0x00000000ebd98810) thrown at [C:\re\workspace\8-2-build-windows-amd64-cygwin\jdk8u91\7017\hotspot\src\share\vm\interpreter\interpreterRuntime.cpp, line 366]
Event: 2.401 Thread 0x0000000001ef8000 Exception <a 'java/lang/ArrayIndexOutOfBoundsException': 60> (0x00000000ebd9e168) thrown at [C:\re\workspace\8-2-build-windows-amd64-cygwin\jdk8u91\7017\hotspot\src\share\vm\interpreter\interpreterRuntime.cpp, line 366]
Event: 2.706 Thread 0x0000000001ef8000 Exception <a 'java/lang/ClassNotFoundException': com/relevantcodes/extentreports/LogStatusBeanInfo> (0x00000000eb6ae798) thrown at [C:\re\workspace\8-2-build-windows-amd64-cygwin\jdk8u91\7017\hotspot\src\share\vm\classfile\systemDictionary.cpp, line 210]
Event: 2.706 Thread 0x0000000001ef8000 Exception <a 'java/lang/ClassNotFoundException': java/lang/EnumBeanInfo> (0x00000000eb6b9d88) thrown at [C:\re\workspace\8-2-build-windows-amd64-cygwin\jdk8u91\7017\hotspot\src\share\vm\classfile\systemDictionary.cpp, line 210]
Event: 2.707 Thread 0x0000000001ef8000 Exception <a 'java/lang/ClassNotFoundException': java/lang/ObjectBeanInfo> (0x00000000eb6c5d98) thrown at [C:\re\workspace\8-2-build-windows-amd64-cygwin\jdk8u91\7017\hotspot\src\share\vm\classfile\systemDictionary.cpp, line 210]
Event: 2.708 Thread 0x0000000001ef8000 Exception <a 'java/lang/ClassNotFoundException': java/lang/ObjectCustomizer> (0x00000000eb6d1f28) thrown at [C:\re\workspace\8-2-build-windows-amd64-cygwin\jdk8u91\7017\hotspot\src\share\vm\classfile\systemDictionary.cpp, line 210]
Event: 2.715 Thread 0x0000000001ef8000 Exception <a 'java/lang/ClassNotFoundException': java/lang/EnumCustomizer> (0x00000000eb6e54b0) thrown at [C:\re\workspace\8-2-build-windows-amd64-cygwin\jdk8u91\7017\hotspot\src\share\vm\classfile\systemDictionary.cpp, line 210]
Event: 2.719 Thread 0x0000000001ef8000 Exception <a 'java/lang/ClassNotFoundException': com/relevantcodes/extentreports/LogStatusCustomizer> (0x00000000eb714400) thrown at [C:\re\workspace\8-2-build-windows-amd64-cygwin\jdk8u91\7017\hotspot\src\share\vm\classfile\systemDictionary.cpp, line 210]@ÂNü”@
Event: 3.009 Thread 0x0000000001ef8000 Exception <a 'java/lang/NoClassDefFoundError': org/slf4j/impl/StaticLoggerBinder> (0x00000000ebec0520) thrown at [C:\re\workspace\8-2-build-windows-amd64-cygwin\jdk8u91\7017\hotspot\src\share\vm\classfile\systemDictionary.cpp, line 199]
Event: 4.065 Thread 0x0000000017d78800 Exception <a 'java/net/SocketTimeoutException': connect timed out> (0x00000000ebe8bef8) thrown at [C:\re\workspace\8-2-build-windows-amd64-cygwin\jdk8u91\7017\hotspot\src\share\vm\prims\jni.cpp, line 735]

Events (10 events):
Event: 8.070 Thread 0x0000000001ef8000 DEOPT PACKING pc=0x0000000002997e5c sp=0x000000000235dca0
Event: 8.070 Thread 0x0000000001ef8000 DEOPT UNPACKING pc=0x000000000259582a sp=0x000000000235dc40 mode 2
Event: 8.071 loading class org/testng/internal/MethodInstance$1
Event: 8.071 loading class org/testng/internal/MethodInstance$1 done
Event: 8.073 loading class org/testng/ITestNGMethod
Event: 8.073 loading class org/testng/ITestNGMethod done
Event: 8.073 loading class org/testng/IMethodInstance
Event: 8.073 loading class org/testng/IMethodInstance done
Event: 8.074 loading class org/testng/internal/DynamicGraphHelper
Event: 8.074 loading class org/testng/internal/DynamicGraphHelper done


Dynamic libraries:
0x00007ff756270000 - 0x00007ff7562a7000 	C:\Program Files\Java\jdk1.8.0_91\bin\javaw.exe
0x00007ffdccdd0000 - 0x00007ffdccfc6000 	C:\WINDOWS\SYSTEM32\ntdll.dll
0x00007ffdccb90000 - 0x00007ffdccc4d000 	C:\WINDOWS\System32\KERNEL32.DLL
0x00007ffdca5e0000 - 0x00007ffdca8a9000 	C:\WINDOWS\System32\KERNELBASE.dll
0x00007ffdcb030000 - 0x00007ffdcb0dc000 	C:\WINDOWS\System32\ADVAPI32.dll
0x00007ffdcbc70000 - 0x00007ffdcbd0e000 	C:\WINDOWS\System32\msvcrt.dll
0x00007ffdcc5e0000 - 0x00007ffdcc67c000 	C:\WINDOWS\System32\sechost.dll
0x00007ffdcc680000 - 0x00007ffdcc7ab000 	C:\WINDOWS\System32\RPCRT4.dll
0x00007ffdcc7b0000 - 0x00007ffdcc950000 	C:\WINDOWS\System32\USER32.dll
0x00007ffdcac30000 - 0x00007ffdcac52000 	C:\WINDOWS\System32\win32u.dll
0x00007ffdcaf80000 - 0x00007ffdcafaa000 	C:\WINDOWS\System32\GDI32.dll
0x00007ffdca910000 - 0x00007ffdcaa1b000 	C:\WINDOWS\System32\gdi32full.dll
0x00007ffdcad90000 - 0x00007ffdcae2d000 	C:\WINDOWS\System32\msvcp_win.dll
0x00007ffdcac90000 - 0x00007ffdcad90000 	C:\WINDOWS\System32\ucrtbase.dll
0x00007ffdbb380000 - 0x00007ffdbb61b000 	C:\WINDOWS\WinSxS\amd64_microsoft.windows.common-controls_6595b64144ccf1df_6.0.19041.746_none_ca02b4b61b8320a4\COMCTL32.dll
0x00007ffdcc950000 - 0x00007ffdcc980000 	C:\WINDOWS\System32\IMM32.DLL
0x00007ffda6020000 - 0x00007ffda6125000 	C:\Program Files (x86)\Citrix\ICA Client\epclient64.dll
0x00007ffdc93f0000 - 0x00007ffdc93fa000 	C:\WINDOWS\SYSTEM32\VERSION.dll
0x00007ffdc8930000 - 0x00007ffdc8963000 	C:\WINDOWS\SYSTEM32\ntmarta.dll
0x000000005c290000 - 0x000000005c362000 	C:\Program Files\Java\jdk1.8.0_91\jre\bin\msvcr100.dll
0x0000000059b80000 - 0x000000005a413000 	C:\Program Files\Java\jdk1.8.0_91\jre\bin\server\jvm.dll
0x00007ffdcafb0000 - 0x00007ffdcafb8000 	C:\WINDOWS\System32\PSAPI.DLL
0x00007ffdc83d0000 - 0x00007ffdc83d9000 	C:\WINDOWS\SYSTEM32\WSOCK32.dll
0x00007ffdcb710000 - 0x00007ffdcb77b000 	C:\WINDOWS\System32\WS2_32.dll
0x00007ffdbd000000 - 0x00007ffdbd027000 	C:\WINDOWS\SYSTEM32\WINMM.dll
0x000000005c280000 - 0x000000005c28f000 	C:\Program Files\Java\jdk1.8.0_91\jre\bin\verify.dll
0x000000005c250000 - 0x000000005c279000 	C:\Program Files\Java\jdk1.8.0_91\jre\bin\java.dll
0x000000005c230000 - 0x000000005c246000 	C:\Program Files\Java\jdk1.8.0_91\jre\bin\zip.dll
0x00007ffdcbd10000 - 0x00007ffdcc453000 	C:\WINDOWS\System32\SHELL32.dll
0x00007ffdc8c20000 - 0x00007ffdc93af000 	C:\WINDOWS\SYSTEM32\windows.storage.dll
0x00007ffdcb140000 - 0x00007ffdcb496000 	C:\WINDOWS\System32\combase.dll
0x00007ffdc9f70000 - 0x00007ffdc9f9c000 	C:\WINDOWS\SYSTEM32\Wldp.dll
0x00007ffdccc50000 - 0x00007ffdcccfe000 	C:\WINDOWS\System32\SHCORE.dll
0x00007ffdcb6b0000 - 0x00007ffdcb705000 	C:\WINDOWS\System32\shlwapi.dll
0x00007ffdca440000 - 0x00007ffdca466000 	C:\WINDOWS\SYSTEM32\profapi.dll
0x000000005c210000 - 0x000000005c22a000 	C:\Program Files\Java\jdk1.8.0_91\jre\bin\net.dll
0x00007ffdc9cf0000 - 0x00007ffdc9d5a000 	C:\WINDOWS\system32\mswsock.dll
0x00007ffdc99d0000 - 0x00007ffdc9a9b000 	C:\WINDOWS\SYSTEM32\DNSAPI.dll
0x00007ffdc9990000 - 0x00007ffdc99cb000 	C:\WINDOWS\SYSTEM32\IPHLPAPI.DLL
0x00007ffdcb4a0000 - 0x00007ffdcb4a8000 	C:\WINDOWS\System32\NSI.dll
0x00007ffdb9b80000 - 0x00007ffdb9b8a000 	C:\Windows\System32\rasadhlp.dll
0x00007ffdb9f40000 - 0x00007ffdb9fbf000 	C:\WINDOWS\System32\fwpuclnt.dll
0x00000000023b0000 - 0x00000000023d7000 	C:\WINDOWS\System32\bcrypt.dll
0x00007ffdc9ec0000 - 0x00007ffdc9ed8000 	C:\WINDOWS\SYSTEM32\CRYPTSP.dll
0x00007ffdc9620000 - 0x00007ffdc9654000 	C:\WINDOWS\system32\rsaenh.dll
0x00007ffdca3c0000 - 0x00007ffdca3ee000 	C:\WINDOWS\SYSTEM32\USERENV.dll
0x00007ffdca510000 - 0x00007ffdca590000 	C:\WINDOWS\System32\bcryptprimitives.dll
0x00007ffdc9ee0000 - 0x00007ffdc9eec000 	C:\WINDOWS\SYSTEM32\CRYPTBASE.dll
0x00007ffdc6cc0000 - 0x00007ffdc6cd7000 	C:\WINDOWS\SYSTEM32\dhcpcsvc6.DLL
0x00007ffdc6ca0000 - 0x00007ffdc6cbd000 	C:\WINDOWS\SYSTEM32\dhcpcsvc.DLL
0x000000005c1f0000 - 0x000000005c201000 	C:\Program Files\Java\jdk1.8.0_91\jre\bin\nio.dll
0x00007ffd9c6b0000 - 0x00007ffd9c6c7000 	C:\WINDOWS\system32\napinsp.dll
0x00007ffd9c510000 - 0x00007ffd9c52b000 	C:\WINDOWS\system32\pnrpnsp.dll
0x00007ffd97ec0000 - 0x00007ffd97ed5000 	C:\WINDOWS\system32\wshbth.dll
0x00007ffdc52d0000 - 0x00007ffdc52ed000 	C:\WINDOWS\system32\NLAapi.dll
0x00007ffd9bce0000 - 0x00007ffd9bcf2000 	C:\WINDOWS\System32\winrnr.dll
0x000000005c1c0000 - 0x000000005c1e4000 	C:\Program Files\Java\jdk1.8.0_91\jre\bin\sunec.dll

VM Arguments:
jvm_args: -ea -Dfile.encoding=Cp1252 
java_command: org.testng.remote.RemoteTestNG -serport 54152 -protocol json -d C:\Users\user\eclipse-workspace\Amazon_Framework\test-output C:\Users\user\eclipse-workspace\Amazon_Framework\testng.xml
java_class_path (initial): C:\Users\user\Downloads\eclipse-jee-2020-06-R-win32-x86_64\eclipse\configuration\org.eclipse.osgi\956\0\.cp\lib\testng-remote.jar;C:\Users\user\eclipse-workspace\Amazon_Framework\target\test-classes;C:\Users\user\eclipse-workspace\Amazon_Framework\target\classes;C:\Users\user\.m2\repository\org\seleniumhq\selenium\selenium-java\2.53.1\selenium-java-2.53.1.jar;C:\Users\user\.m2\repository\org\seleniumhq\selenium\selenium-chrome-driver\2.53.1\selenium-chrome-driver-2.53.1.jar;C:\Users\user\.m2\repository\org\seleniumhq\selenium\selenium-remote-driver\2.53.1\selenium-remote-driver-2.53.1.jar;C:\Users\user\.m2\repository\cglib\cglib-nodep\2.1_3\cglib-nodep-2.1_3.jar;C:\Users\user\.m2\repository\org\apache\httpcomponents\httpclient\4.5.1\httpclient-4.5.1.jar;C:\Users\user\.m2\repository\org\apache\httpcomponents\httpcore\4.4.3\httpcore-4.4.3.jar;C:\Users\user\.m2\repository\org\seleniumhq\selenium\selenium-edge-driver\2.53.1\selenium-edge-driver-2.53.1.jar;C:\Users\user\.m2\repository\org\apache\commons\commons-exec\1.3\commons-exec-1.3.jar;C:\Users\user\.m2\repository\org\seleniumhq\selenium\htmlunit-driver\2.21\htmlunit-driver-2.21.jar;C:\Users\user\.m2\repository\net\sourceforge\htmlunit\htmlunit\2.21\htmlunit-2.21.jar;C:\Users\user\.m2\repository\xalan\xalan\2.7.2\xalan-2.7.2.jar;C:\Users\user\.m2\repository\xalan\serializer\2.7.2\serializer-2.7.2.jar;C:\Users\user\.m2\repository\org\apache\commons\commons-lang3\3.4\commons-lang3-3.4.jar;C:\Users\user\.m2\repository\org\apache\httpcomponents\httpmime\4.5.2\httpmime-4.5.2.jar;C:\Users\user\.m2\repository\net\sourceforge\htmlunit\htmlunit-core-js\2.17\htmlunit-core-js-2.17.jar;C:\Users\user\.m2\repository\net\sourceforge\htmlunit\neko-htmlunit\2.21\neko-htmlunit-2.21.jar;C:\Users\user\.m2\repository\xerces\xercesImpl\2.11.0\xercesImpl-2.11.0.jar;C:\Users\user\.m2\repository\net\sourceforge\cssparser\cssparser\0.9.18\cssparser-0.9.18.jar;C:\Users\user\.m2\repository\org\w3c\css\sac\1.3\sac-1
Launcher Type: SUN_STANDARD

Environment Variables:
JAVA_HOME=C:\Program Files\Java\jdk1.8.0_91
PATH=C:/Program Files/Java/jre1.8.0_261/bin/server;C:/Program Files/Java/jre1.8.0_261/bin;C:/Program Files/Java/jre1.8.0_261/lib/amd64;C:\Program Files\Java\jre1.8.0_261\bin;C:\Program Files\apache-maven-3.6.3\bin;C:\WINDOWS\system32;C:\WINDOWS;C:\WINDOWS\System32\Wbem;C:\WINDOWS\System32\WindowsPowerShell\v1.0\;C:\WINDOWS\System32\OpenSSH\;C:\Users\user\AppData\Local\Microsoft\WindowsApps;;C:\Users\user\Downloads\eclipse-jee-2020-06-R-win32-x86_64\eclipse;
USERNAME=user
OS=Windows_NT
PROCESSOR_IDENTIFIER=Intel64 Family 6 Model 61 Stepping 4, GenuineIntel



---------------  S Y S T E M  ---------------

OS: Windows 10.0 , 64 bit Build 19041 (10.0.19041.662)

CPU:total 4 (2 cores per cpu, 2 threads per core) family 6 model 61 stepping 4, cmov, cx8, fxsr, mmx, sse, sse2, sse3, ssse3, sse4.1, sse4.2, popcnt, avx, avx2, aes, clmul, erms, 3dnowpref, lzcnt, ht, tsc, tscinvbit, bmi1, bmi2, adx

Memory: 4k page, physical 4113068k(380256k free), swap 5544620k(1140k free)

vm_info: Java HotSpot(TM) 64-Bit Server VM (25.91-b15) for windows-amd64 JRE (1.8.0_91-b15), built on May 20 2016 17:43:15 by "java_re" with MS VC++ 10.0 (VS2010)

time: Fri Jan 29 01:17:25 2021
elapsed time: 8 seconds (0d 0h 0m 8s)

